
05/03/2023 6:50 AM Method:: GetFilesInDirectoryRecursive 
05/03/2023 6:50 AM C:\My Stuff\dev\wordpress\wp-content\cache\supercache\localhost/index.html
05/03/2023 6:53 AM Method:: GetFilesInDirectoryRecursive 
05/03/2023 6:53 AM C:\My Stuff\dev\wordpress\wp-content\cache\supercache\localhost/index.html
05/03/2023 6:53 AM C:\My Stuff\dev\wordpress\wp-content\cache\supercache\localhost\hello-world/index.html
05/03/2023 6:53 AM C:\My Stuff\dev\wordpress\wp-content\cache\supercache\localhost\sample-page/index.html
05/03/2023 6:53 AM C:\My Stuff\dev\wordpress\wp-content\cache\supercache\localhost\test-page/index.html
05/03/2023 6:53 AM C:\My Stuff\C#\UploadWP\UploadWP\bin\Debug/persistdata.json
05/03/2023 7:00 AM Method:: GetFilesInDirectoryRecursive 
05/03/2023 7:00 AM C:\My Stuff\C#\UploadWP\UploadWP\bin\Debug/persistdata.json
05/03/2023 7:15 AM Method:: GetFilesInDirectoryRecursive 
05/03/2023 7:15 AM C:\My Stuff\dev\wordpress\wp-content\cache\supercache\localhost/index.html
05/03/2023 7:15 AM C:\My Stuff\C#\UploadWP\UploadWP\bin\Debug/persistdata.json
05/03/2023 7:16 AM Method:: GetFilesInDirectoryRecursive 
05/03/2023 7:16 AM C:\My Stuff\dev\wordpress\wp-content\cache\supercache\localhost\hello-world/index.html
05/03/2023 7:16 AM C:\My Stuff\dev\wordpress\wp-content\cache\supercache\localhost\sample-page/index.html
05/03/2023 7:16 AM C:\My Stuff\dev\wordpress\wp-content\cache\supercache\localhost\test-page/index.html
05/03/2023 7:16 AM C:\My Stuff\C#\UploadWP\UploadWP\bin\Debug/persistdata.json
05/03/2023 11:09 AM Method:: GetFilesInDirectoryRecursive 
05/03/2023 11:09 AM C:\My Stuff\dev\wordpress\wp-content\cache\supercache\localhost/index.html
05/03/2023 11:09 AM C:\My Stuff\dev\wordpress\wp-content\cache\supercache\localhost\hello-world/index.html
05/03/2023 11:09 AM C:\My Stuff\dev\wordpress\wp-content\cache\supercache\localhost\sample-page/index.html
05/03/2023 11:09 AM C:\My Stuff\dev\wordpress\wp-content\cache\supercache\localhost\test-page/index.html
05/03/2023 11:09 AM C:\My Stuff\C#\UploadWP\UploadWP\bin\Debug/persistdata.json
05/03/2023 11:11 AM Method:: GetFilesInDirectoryRecursive 
05/03/2023 11:11 AM C:\My Stuff\dev\wordpress\wp-content\cache\supercache\localhost/index.html
05/03/2023 11:11 AM C:\My Stuff\dev\wordpress\wp-content\cache\supercache\localhost\hello-world/index.html
05/03/2023 11:11 AM C:\My Stuff\dev\wordpress\wp-content\cache\supercache\localhost\sample-page/index.html
05/03/2023 11:11 AM C:\My Stuff\dev\wordpress\wp-content\cache\supercache\localhost\test-page/index.html
05/03/2023 11:11 AM C:\My Stuff\C#\UploadWP\UploadWP\bin\Debug/persistdata.json
05/03/2023 11:14 AM Method:: GetFilesInDirectoryRecursive 
05/03/2023 11:14 AM C:\My Stuff\dev\wordpress\wp-content\cache\supercache\localhost/index.html
05/03/2023 11:14 AM C:\My Stuff\dev\wordpress\wp-content\cache\supercache\localhost\hello-world/index.html
05/03/2023 11:14 AM C:\My Stuff\dev\wordpress\wp-content\cache\supercache\localhost\sample-page/index.html
05/03/2023 11:14 AM C:\My Stuff\dev\wordpress\wp-content\cache\supercache\localhost\test-page/index.html
05/03/2023 11:14 AM C:\My Stuff\C#\UploadWP\UploadWP\bin\Debug/persistdata.json
05/03/2023 11:24 AM Method:: GetFilesInDirectoryRecursive 
05/03/2023 11:24 AM C:\My Stuff\dev\wordpress\wp-content\cache\supercache\localhost/index.html
05/03/2023 11:24 AM C:\My Stuff\dev\wordpress\wp-content\cache\supercache\localhost\hello-world/index.html
05/03/2023 11:24 AM C:\My Stuff\dev\wordpress\wp-content\cache\supercache\localhost\sample-page/index.html
05/03/2023 11:24 AM C:\My Stuff\dev\wordpress\wp-content\cache\supercache\localhost\test-page/index.html
05/03/2023 11:24 AM C:\My Stuff\C#\UploadWP\UploadWP\bin\Debug/persistdata.json
05/03/2023 11:27 AM Method:: GetFilesInDirectoryRecursive 
05/03/2023 11:27 AM C:\My Stuff\dev\wordpress\wp-content\cache\supercache\localhost/index.html
05/03/2023 11:27 AM C:\My Stuff\dev\wordpress\wp-content\cache\supercache\localhost\hello-world/index.html
05/03/2023 11:27 AM C:\My Stuff\dev\wordpress\wp-content\cache\supercache\localhost\sample-page/index.html
05/03/2023 11:27 AM C:\My Stuff\dev\wordpress\wp-content\cache\supercache\localhost\test-page/index.html
05/03/2023 11:27 AM C:\My Stuff\C#\UploadWP\UploadWP\bin\Debug/persistdata.json
05/03/2023 11:31 AM Method:: GetFilesInDirectoryRecursive 
05/03/2023 11:31 AM C:\My Stuff\dev\wordpress\wp-content\cache\supercache\localhost/index.html
05/03/2023 11:31 AM C:\My Stuff\dev\wordpress\wp-content\cache\supercache\localhost\hello-world/index.html
05/03/2023 11:31 AM C:\My Stuff\dev\wordpress\wp-content\cache\supercache\localhost\sample-page/index.html
05/03/2023 11:31 AM C:\My Stuff\dev\wordpress\wp-content\cache\supercache\localhost\test-page/index.html
05/03/2023 11:31 AM C:\My Stuff\C#\UploadWP\UploadWP\bin\Debug/persistdata.json
05/03/2023 11:37 AM Method:: GetFilesInDirectoryRecursive 
05/03/2023 11:37 AM C:\My Stuff\C#\UploadWP\UploadWP\bin\Debug/persistdata.json
05/03/2023 11:38 AM Method:: GetFilesInDirectoryRecursive 
05/03/2023 11:39 AM Method:: GetFilesInDirectoryRecursive 
05/03/2023 11:40 AM Method:: GetFilesInDirectoryRecursive 
05/03/2023 11:40 AM C:\My Stuff\dev\wordpress\wp-content\cache\supercache\localhost/index.html
05/03/2023 11:40 AM C:\My Stuff\dev\wordpress\wp-content\cache\supercache\localhost\hello-world/index.html
05/03/2023 11:40 AM C:\My Stuff\dev\wordpress\wp-content\cache\supercache\localhost\sample-page/index.html
05/03/2023 11:40 AM C:\My Stuff\dev\wordpress\wp-content\cache\supercache\localhost\test-page/index.html
05/03/2023 11:40 AM C:\My Stuff\C#\UploadWP\UploadWP\bin\Debug/persistdata.json
05/03/2023 11:44 AM Method:: GetFilesInDirectoryRecursive 
05/03/2023 11:44 AM C:\My Stuff\dev\wordpress\wp-content\cache\supercache\localhost/index.html
05/03/2023 11:44 AM C:\My Stuff\dev\wordpress\wp-content\cache\supercache\localhost\hello-world/index.html
05/03/2023 11:44 AM C:\My Stuff\dev\wordpress\wp-content\cache\supercache\localhost\sample-page/index.html
05/03/2023 11:44 AM C:\My Stuff\dev\wordpress\wp-content\cache\supercache\localhost\test-page/index.html
05/03/2023 11:44 AM C:\My Stuff\C#\UploadWP\UploadWP\bin\Debug/persistdata.json
05/03/2023 11:48 AM Method:: GetFilesInDirectoryRecursive 
05/03/2023 11:48 AM C:\My Stuff\dev\wordpress\wp-content\cache\supercache\localhost/index.html
05/03/2023 11:48 AM C:\My Stuff\dev\wordpress\wp-content\cache\supercache\localhost\hello-world/index.html
05/03/2023 11:48 AM C:\My Stuff\dev\wordpress\wp-content\cache\supercache\localhost\sample-page/index.html
05/03/2023 11:48 AM C:\My Stuff\dev\wordpress\wp-content\cache\supercache\localhost\test-page/index.html
05/03/2023 11:48 AM C:\My Stuff\C#\UploadWP\UploadWP\bin\Debug/persistdata.json
05/03/2023 11:53 AM Method:: GetFilesInDirectoryRecursive 
05/03/2023 11:53 AM C:\My Stuff\dev\wordpress\wp-content\cache\supercache\localhost/index.html
05/03/2023 11:53 AM C:\My Stuff\dev\wordpress\wp-content\cache\supercache\localhost\hello-world/index.html
05/03/2023 11:53 AM C:\My Stuff\dev\wordpress\wp-content\cache\supercache\localhost\sample-page/index.html
05/03/2023 11:53 AM C:\My Stuff\dev\wordpress\wp-content\cache\supercache\localhost\test-page/index.html
05/03/2023 11:53 AM C:\My Stuff\C#\UploadWP\UploadWP\bin\Debug/persistdata.json
05/03/2023 12:07 PM Method:: GetFilesInDirectoryRecursive 
05/03/2023 12:07 PM C:\My Stuff\dev\wordpress\wp-content\cache\supercache\localhost/index.html
05/03/2023 12:07 PM C:\My Stuff\dev\wordpress\wp-content\cache\supercache\localhost\hello-world/index.html
05/03/2023 12:07 PM C:\My Stuff\dev\wordpress\wp-content\cache\supercache\localhost\sample-page/index.html
05/03/2023 12:07 PM C:\My Stuff\dev\wordpress\wp-content\cache\supercache\localhost\test-page/index.html
05/03/2023 12:07 PM C:\My Stuff\C#\UploadWP\UploadWP\bin\Debug/persistdata.json
05/03/2023 12:14 PM Method:: GetFilesInDirectoryRecursive 
05/03/2023 12:14 PM C:\My Stuff\dev\wordpress\wp-content\cache\supercache\localhost/index.html
05/03/2023 12:14 PM C:\My Stuff\dev\wordpress\wp-content\cache\supercache\localhost\hello-world/index.html
05/03/2023 12:14 PM C:\My Stuff\dev\wordpress\wp-content\cache\supercache\localhost\sample-page/index.html
05/03/2023 12:14 PM C:\My Stuff\dev\wordpress\wp-content\cache\supercache\localhost\test-page/index.html
05/03/2023 12:14 PM C:\My Stuff\C#\UploadWP\UploadWP\bin\Debug/persistdata.json
05/03/2023 8:44 PM Method:: GetFilesInDirectoryRecursive 
05/03/2023 8:44 PM C:\My Stuff\dev\wordpress\wp-content\cache\supercache\localhost/index.html
05/03/2023 8:44 PM C:\My Stuff\dev\wordpress\wp-content\cache\supercache\localhost\hello-world/index.html
05/03/2023 8:44 PM C:\My Stuff\dev\wordpress\wp-content\cache\supercache\localhost\sample-page/index.html
05/03/2023 8:44 PM C:\My Stuff\dev\wordpress\wp-content\cache\supercache\localhost\test-page/index.html
05/03/2023 8:44 PM C:\My Stuff\C#\UploadWP\UploadWP\bin\Debug/persistdata.json
05/03/2023 8:48 PM Method:: GetFilesInDirectoryRecursive 
05/03/2023 8:48 PM C:\My Stuff\dev\wordpress\wp-content\cache\supercache\localhost/index.html
05/03/2023 8:58 PM Method:: GetFilesInDirectoryRecursive 
05/03/2023 8:58 PM C:\My Stuff\dev\wordpress\wp-content\cache\supercache\localhost/index.html
05/03/2023 8:58 PM C:\My Stuff\dev\wordpress\wp-content\cache\supercache\localhost\hello-world/index.html
05/03/2023 8:58 PM C:\My Stuff\dev\wordpress\wp-content\cache\supercache\localhost\sample-page/index.html
05/03/2023 8:58 PM C:\My Stuff\dev\wordpress\wp-content\cache\supercache\localhost\test-page/index.html
05/03/2023 8:58 PM C:\My Stuff\C#\UploadWP\UploadWP\bin\Debug/persistdata.json
05/04/2023 7:02 AM Method:: GetFilesInDirectoryRecursive 
05/04/2023 7:02 AM C:\My Stuff\dev\wordpress\wp-content\cache\supercache\localhost/index.html
05/04/2023 7:02 AM C:\My Stuff\dev\wordpress\wp-content\cache\supercache\localhost\hello-world/index.html
05/04/2023 7:02 AM C:\My Stuff\dev\wordpress\wp-content\cache\supercache\localhost\sample-page/index.html
05/04/2023 7:02 AM C:\My Stuff\dev\wordpress\wp-content\cache\supercache\localhost\test-page/index.html
05/04/2023 7:02 AM C:\My Stuff\C#\UploadWP\UploadWP\bin\Debug/persistdata.json
05/04/2023 8:34 AM Method:: GetFilesInDirectoryRecursive 
05/04/2023 8:34 AM C:\My Stuff\dev\wordpress\wp-content\cache\supercache\localhost/index.html
05/04/2023 8:34 AM C:\My Stuff\dev\wordpress\wp-content\cache\supercache\localhost\hello-world/index.html
05/04/2023 8:34 AM C:\My Stuff\dev\wordpress\wp-content\cache\supercache\localhost\sample-page/index.html
05/04/2023 8:34 AM C:\My Stuff\dev\wordpress\wp-content\cache\supercache\localhost\test-page/index.html
05/04/2023 8:34 AM C:\My Stuff\C#\UploadWP\UploadWP\bin\Debug/persistdata.json
05/04/2023 8:44 AM Method:: GetFilesInDirectoryRecursive 
05/04/2023 8:44 AM C:\My Stuff\dev\wordpress\wp-content\cache\supercache\localhost/index.html
05/04/2023 8:44 AM C:\My Stuff\dev\wordpress\wp-content\cache\supercache\localhost\hello-world/index.html
05/04/2023 8:44 AM C:\My Stuff\dev\wordpress\wp-content\cache\supercache\localhost\sample-page/index.html
05/04/2023 8:44 AM C:\My Stuff\dev\wordpress\wp-content\cache\supercache\localhost\test-page/index.html
05/04/2023 8:44 AM C:\My Stuff\C#\UploadWP\UploadWP\bin\Debug/persistdata.json
05/04/2023 8:45 AM Method:: GetFilesInDirectoryRecursive 
05/04/2023 8:45 AM C:\My Stuff\dev\wordpress\wp-content\cache\supercache\localhost/index.html
05/04/2023 8:45 AM C:\My Stuff\dev\wordpress\wp-content\cache\supercache\localhost\hello-world/index.html
05/04/2023 8:45 AM C:\My Stuff\dev\wordpress\wp-content\cache\supercache\localhost\sample-page/index.html
05/04/2023 8:45 AM C:\My Stuff\dev\wordpress\wp-content\cache\supercache\localhost\test-page/index.html
05/04/2023 8:45 AM C:\My Stuff\C#\UploadWP\UploadWP\bin\Debug/persistdata.json
05/04/2023 8:46 AM Method:: GetFilesInDirectoryRecursive 
05/04/2023 8:46 AM C:\My Stuff\dev\wordpress\wp-content\cache\supercache\localhost/index.html
05/04/2023 8:46 AM C:\My Stuff\dev\wordpress\wp-content\cache\supercache\localhost\hello-world/index.html
05/04/2023 8:46 AM C:\My Stuff\dev\wordpress\wp-content\cache\supercache\localhost\sample-page/index.html
05/04/2023 8:46 AM C:\My Stuff\dev\wordpress\wp-content\cache\supercache\localhost\test-page/index.html
05/04/2023 8:46 AM C:\My Stuff\C#\UploadWP\UploadWP\bin\Debug/persistdata.json
05/04/2023 8:49 AM Method:: GetFilesInDirectoryRecursive 
05/04/2023 8:49 AM C:\My Stuff\dev\wordpress\wp-content\cache\supercache\localhost/index.html
05/04/2023 8:49 AM C:\My Stuff\dev\wordpress\wp-content\cache\supercache\localhost\hello-world/index.html
05/04/2023 8:49 AM C:\My Stuff\dev\wordpress\wp-content\cache\supercache\localhost\sample-page/index.html
05/04/2023 8:49 AM C:\My Stuff\dev\wordpress\wp-content\cache\supercache\localhost\test-page/index.html
05/04/2023 8:49 AM C:\My Stuff\C#\UploadWP\UploadWP\bin\Debug/persistdata.json
05/04/2023 1:48 PM Method:: GetFilesInDirectoryRecursive 
05/04/2023 1:48 PM C:\My Stuff\dev\wordpress\wp-content\cache\supercache\localhost/index.html
05/04/2023 1:49 PM Method:: GetFilesInDirectoryRecursive 
05/04/2023 2:08 PM Method:: GetFilesInDirectoryRecursive 
05/04/2023 2:08 PM C:\My Stuff\dev\wordpress\wp-content\cache\supercache\localhost/index.html
05/04/2023 2:10 PM Method:: GetFilesInDirectoryRecursive 
05/04/2023 2:10 PM C:\My Stuff\dev\wordpress\wp-content\cache\supercache\localhost/index.html
05/04/2023 2:12 PM Method:: GetFilesInDirectoryRecursive 
05/04/2023 2:12 PM C:\My Stuff\dev\wordpress\wp-content\cache\supercache\localhost/index.html
05/04/2023 2:12 PM Method:: GetFilesInDirectoryRecursive 
05/04/2023 2:12 PM C:\My Stuff\dev\wordpress\wp-content\cache\supercache\localhost/index.html
05/04/2023 2:13 PM Method:: GetFilesInDirectoryRecursive 
05/04/2023 2:13 PM C:\My Stuff\dev\wordpress\wp-content\cache\supercache\localhost/index.html
05/04/2023 2:13 PM C:\My Stuff\dev\wordpress\wp-content\cache\supercache\localhost\hello-world/index.html
05/04/2023 2:13 PM C:\My Stuff\dev\wordpress\wp-content\cache\supercache\localhost\sample-page/index.html
05/04/2023 2:13 PM C:\My Stuff\dev\wordpress\wp-content\cache\supercache\localhost\test-page/index.html
05/04/2023 2:13 PM C:\My Stuff\C#\UploadWP\UploadWP\bin\Debug/persistdata.json
05/04/2023 2:14 PM Method:: GetFilesInDirectoryRecursive 
05/04/2023 2:14 PM C:\My Stuff\C#\UploadWP\UploadWP\bin\Debug/persistdata.json
05/04/2023 2:15 PM Method:: GetFilesInDirectoryRecursive 
05/04/2023 2:15 PM C:\My Stuff\dev\wordpress\wp-content\cache\supercache\localhost/index.html
05/04/2023 2:15 PM C:\My Stuff\dev\wordpress\wp-content\cache\supercache\localhost\hello-world/index.html
05/04/2023 2:15 PM C:\My Stuff\dev\wordpress\wp-content\cache\supercache\localhost\sample-page/index.html
05/04/2023 2:15 PM C:\My Stuff\dev\wordpress\wp-content\cache\supercache\localhost\test-page/index.html
05/04/2023 2:15 PM C:\My Stuff\C#\UploadWP\UploadWP\bin\Debug/persistdata.json
05/04/2023 3:51 PM Method:: GetFilesInDirectoryRecursive 
05/04/2023 3:51 PM C:\My Stuff\dev\wordpress\wp-content\cache\supercache\localhost/index.html
05/04/2023 3:51 PM C:\My Stuff\dev\wordpress\wp-content\cache\supercache\localhost\hello-world/index.html
05/04/2023 3:51 PM C:\My Stuff\dev\wordpress\wp-content\cache\supercache\localhost\sample-page/index.html
05/04/2023 3:51 PM C:\My Stuff\dev\wordpress\wp-content\cache\supercache\localhost\test-page/index.html
05/04/2023 3:51 PM C:\My Stuff\C#\UploadWP\UploadWP\bin\Debug/persistdata.json
05/04/2023 3:52 PM Method:: GetFilesInDirectoryRecursive 
05/04/2023 3:52 PM C:\My Stuff\dev\wordpress\wp-content\cache\supercache\localhost/index.html
05/04/2023 3:52 PM C:\My Stuff\dev\wordpress\wp-content\cache\supercache\localhost\hello-world/index.html
05/04/2023 3:52 PM C:\My Stuff\dev\wordpress\wp-content\cache\supercache\localhost\sample-page/index.html
05/04/2023 3:52 PM C:\My Stuff\dev\wordpress\wp-content\cache\supercache\localhost\test-page/index.html
05/04/2023 3:52 PM C:\My Stuff\C#\UploadWP\UploadWP\bin\Debug/persistdata.json
05/04/2023 3:53 PM Method:: GetFilesInDirectoryRecursive 
05/04/2023 3:53 PM C:\My Stuff\dev\wordpress\wp-content\cache\supercache\localhost/index.html
05/04/2023 3:54 PM Method:: GetFilesInDirectoryRecursive 
05/04/2023 3:54 PM C:\My Stuff\dev\wordpress\wp-content\cache\supercache\localhost/index.html
05/04/2023 3:55 PM Method:: GetFilesInDirectoryRecursive 
05/04/2023 3:55 PM C:\My Stuff\dev\wordpress\wp-content\cache\supercache\localhost/index.html
05/04/2023 3:57 PM Method:: GetFilesInDirectoryRecursive 
05/04/2023 3:57 PM C:\My Stuff\dev\wordpress\wp-content\cache\supercache\localhost/index.html
05/04/2023 4:02 PM Method:: GetFilesInDirectoryRecursive 
05/04/2023 4:02 PM C:\My Stuff\dev\wordpress\wp-content\cache\supercache\localhost/index.html
05/04/2023 4:02 PM C:\My Stuff\dev\wordpress\wp-content\cache\supercache\localhost\hello-world/index.html
05/04/2023 4:04 PM Method:: GetFilesInDirectoryRecursive 
05/04/2023 4:04 PM C:\My Stuff\dev\wordpress\wp-content\cache\supercache\localhost/index.html
05/04/2023 4:04 PM C:\My Stuff\dev\wordpress\wp-content\cache\supercache\localhost\hello-world/index.html
05/05/2023 10:29 AM C:\My Stuff\C#\UploadWP\UploadWP\bin\Debug/persistdata.json
05/05/2023 10:29 AM C:\My Stuff\C#\UploadWP\UploadWP\bin\Debug/persistdata.json
05/05/2023 10:32 AM C:\My Stuff\C#\UploadWP\UploadWP\bin\Debug/persistdata.json
05/05/2023 10:35 AM C:\My Stuff\C#\UploadWP\UploadWP\bin\Debug/persistdata.json
05/05/2023 11:33 AM C:\My Stuff\C#\UploadWP\UploadWP\bin\Debug/persistdata.json
05/05/2023 11:36 AM C:\My Stuff\C#\UploadWP\UploadWP\bin\Debug/persistdata.json
05/07/2023 9:49 AM C:\My Stuff\C#\UploadWP\UploadWP\bin\Debug/persistdata.json
05/07/2023 9:49 AM C:\My Stuff\C#\UploadWP\UploadWP\bin\Debug/persistdata.json
05/07/2023 9:56 AM C:\My Stuff\C#\UploadWP\UploadWP\bin\Debug/persistdata.json
05/07/2023 10:00 AM C:\My Stuff\C#\UploadWP\UploadWP\bin\Debug/persistdata.json
05/07/2023 10:04 AM C:\My Stuff\C#\UploadWP\UploadWP\bin\Debug/persistdata.json
05/07/2023 10:05 AM C:\My Stuff\C#\UploadWP\UploadWP\bin\Debug/persistdata.json
05/17/2023 5:48 PM C:\My Stuff\C#\UploadWP\UploadWP\bin\Debug/persistdata.json
05/17/2023 5:49 PM C:\My Stuff\C#\UploadWP\UploadWP\bin\Debug/persistdata.json
05/17/2023 5:51 PM C:\My Stuff\C#\UploadWP\UploadWP\bin\Debug/persistdata.json
05/17/2023 6:04 PM C:\My Stuff\C#\UploadWP\UploadWP\bin\Debug/persistdata.json
05/17/2023 6:08 PM C:\My Stuff\C#\UploadWP\UploadWP\bin\Debug/persistdata.json
05/17/2023 6:13 PM C:\My Stuff\C#\UploadWP\UploadWP\bin\Debug/persistdata.json
05/17/2023 6:15 PM C:\My Stuff\C#\UploadWP\UploadWP\bin\Debug/persistdata.json
05/17/2023 6:16 PM C:\My Stuff\C#\UploadWP\UploadWP\bin\Debug/persistdata.json
05/18/2023 7:27 PM Method:: GetFilesInDirectoryRecursive 
05/18/2023 7:27 PM C:\My Stuff\C#\UploadWP\UploadWP\bin\Debug/persistdata.json
05/18/2023 7:29 PM Method:: GetFilesInDirectoryRecursive 
05/18/2023 7:32 PM Method:: GetFilesInDirectoryRecursive 
05/18/2023 7:32 PM C:\My Stuff\C#\UploadWP\UploadWP\bin\Debug/persistdata.json
05/18/2023 7:34 PM Method:: GetFilesInDirectoryRecursive 
05/18/2023 7:34 PM C:\My Stuff\C#\UploadWP\UploadWP\bin\Debug/persistdata.json
05/18/2023 7:35 PM Method:: GetFilesInDirectoryRecursive 
05/18/2023 7:35 PM C:\My Stuff\C#\UploadWP\UploadWP\bin\Debug/persistdata.json
05/18/2023 7:38 PM Method:: GetFilesInDirectoryRecursive 
05/18/2023 7:38 PM C:\My Stuff\C#\UploadWP\UploadWP\bin\Debug/persistdata.json
05/18/2023 7:39 PM Method:: GetFilesInDirectoryRecursive 
05/18/2023 7:39 PM C:\My Stuff\C#\UploadWP\UploadWP\bin\Debug/persistdata.json
05/18/2023 7:42 PM Method:: GetFilesInDirectoryRecursive 
05/18/2023 7:42 PM C:\My Stuff\C#\UploadWP\UploadWP\bin\Debug/persistdata.json
05/18/2023 7:44 PM Method:: GetFilesInDirectoryRecursive 
05/18/2023 7:44 PM C:\My Stuff\C#\UploadWP\UploadWP\bin\Debug/persistdata.json
05/18/2023 7:47 PM Method:: GetFilesInDirectoryRecursive 
05/18/2023 7:47 PM C:\My Stuff\C#\UploadWP\UploadWP\bin\Debug/persistdata.json
05/18/2023 7:48 PM Method:: GetFilesInDirectoryRecursive 
05/18/2023 7:48 PM C:\My Stuff\C#\UploadWP\UploadWP\bin\Debug/persistdata.json
05/19/2023 4:20 PM Method:: GetFilesInDirectoryRecursive 
05/19/2023 4:20 PM C:\My Stuff\C#\UploadWP\UploadWP\bin\Debug/persistdata.json
05/19/2023 4:21 PM Method:: GetFilesInDirectoryRecursive 
05/19/2023 4:21 PM C:\My Stuff\C#\UploadWP\UploadWP\bin\Debug/persistdata.json
05/19/2023 4:38 PM Method:: GetFilesInDirectoryRecursive 
05/19/2023 4:38 PM C:\My Stuff\C#\UploadWP\UploadWP\bin\Debug/persistdata.json
05/19/2023 4:38 PM Method:: GetFilesInDirectoryRecursive 
05/19/2023 4:56 PM Method:: GetFilesInDirectoryRecursive 
05/19/2023 4:56 PM C:\My Stuff\C#\UploadWP\UploadWP\bin\Debug/persistdata.json
05/19/2023 4:58 PM Method:: GetFilesInDirectoryRecursive 
05/19/2023 4:58 PM Method:: GetFilesInDirectoryRecursive 
05/19/2023 5:01 PM Method:: GetFilesInDirectoryRecursive 
05/19/2023 5:02 PM Method:: GetFilesInDirectoryRecursive 
05/19/2023 5:02 PM C:\My Stuff\C#\UploadWP\UploadWP\bin\Debug/persistdata.json
05/19/2023 5:04 PM Method:: GetFilesInDirectoryRecursive 
05/19/2023 5:04 PM C:\My Stuff\C#\UploadWP\UploadWP\bin\Debug/persistdata.json
05/19/2023 5:05 PM Method:: GetFilesInDirectoryRecursive 
05/19/2023 5:05 PM C:\My Stuff\C#\UploadWP\UploadWP\bin\Debug/persistdata.json
05/19/2023 5:06 PM Method:: GetFilesInDirectoryRecursive 
05/19/2023 5:06 PM C:\My Stuff\C#\UploadWP\UploadWP\bin\Debug/persistdata.json
05/19/2023 5:06 PM Method:: GetFilesInDirectoryRecursive 
05/19/2023 5:06 PM C:\My Stuff\C#\UploadWP\UploadWP\bin\Debug/persistdata.json
05/19/2023 5:18 PM Method:: GetFilesInDirectoryRecursive 
05/19/2023 5:18 PM C:\My Stuff\C#\UploadWP\UploadWP\bin\Debug/C:\My Stuff\dev\wordpress\wp-content\cache\supercache\localhost\index.html
05/19/2023 5:18 PM Attempting to send an email
05/19/2023 5:18 PM Error Sending Email:
05/19/2023 5:18 PM System.ArgumentException: The parameter 'address' cannot be an empty string.
Parameter name: address
   at System.Net.Mail.MailAddress..ctor(String address, String displayName, Encoding displayNameEncoding)
   at AQHelpers.Helpers.SendEmail(String to, String subject, String message) in C:\My Stuff\C#\DLL\AQHelpers\AQHelpers\AQHelpers\Helpers.cs:line 888
05/19/2023 5:18 PM !!! ERROR: An error occured: ( see error log ) !!!
05/19/2023 5:18 PM C:\My Stuff\C#\UploadWP\UploadWP\bin\Debug/C:\My Stuff\dev\wordpress\wp-content\cache\supercache\localhost\hello-world\index.html
05/19/2023 5:18 PM Attempting to send an email
05/19/2023 5:18 PM Error Sending Email:
05/19/2023 5:18 PM System.ArgumentException: The parameter 'address' cannot be an empty string.
Parameter name: address
   at System.Net.Mail.MailAddress..ctor(String address, String displayName, Encoding displayNameEncoding)
   at AQHelpers.Helpers.SendEmail(String to, String subject, String message) in C:\My Stuff\C#\DLL\AQHelpers\AQHelpers\AQHelpers\Helpers.cs:line 888
05/19/2023 5:18 PM !!! ERROR: An error occured: ( see error log ) !!!
05/19/2023 5:18 PM C:\My Stuff\C#\UploadWP\UploadWP\bin\Debug/C:\My Stuff\dev\wordpress\wp-content\cache\supercache\localhost\sample-page\index.html
05/19/2023 5:18 PM Attempting to send an email
05/19/2023 5:18 PM Error Sending Email:
05/19/2023 5:18 PM System.ArgumentException: The parameter 'address' cannot be an empty string.
Parameter name: address
   at System.Net.Mail.MailAddress..ctor(String address, String displayName, Encoding displayNameEncoding)
   at AQHelpers.Helpers.SendEmail(String to, String subject, String message) in C:\My Stuff\C#\DLL\AQHelpers\AQHelpers\AQHelpers\Helpers.cs:line 888
05/19/2023 5:18 PM !!! ERROR: An error occured: ( see error log ) !!!
05/19/2023 5:18 PM C:\My Stuff\C#\UploadWP\UploadWP\bin\Debug/C:\My Stuff\dev\wordpress\wp-content\cache\supercache\localhost\test-page\index.html
05/19/2023 5:18 PM Attempting to send an email
05/19/2023 5:18 PM Error Sending Email:
05/19/2023 5:18 PM System.ArgumentException: The parameter 'address' cannot be an empty string.
Parameter name: address
   at System.Net.Mail.MailAddress..ctor(String address, String displayName, Encoding displayNameEncoding)
   at AQHelpers.Helpers.SendEmail(String to, String subject, String message) in C:\My Stuff\C#\DLL\AQHelpers\AQHelpers\AQHelpers\Helpers.cs:line 888
05/19/2023 5:18 PM !!! ERROR: An error occured: ( see error log ) !!!
05/19/2023 5:18 PM C:\My Stuff\C#\UploadWP\UploadWP\bin\Debug/persistdata.json
05/19/2023 5:21 PM Method:: GetFilesInDirectoryRecursive 
05/19/2023 5:21 PM C:\My Stuff\dev\wordpress\wp-content\cache\supercache\localhost/index.html
05/19/2023 5:21 PM C:\My Stuff\dev\wordpress\wp-content\cache\supercache\localhost\hello-world/index.html
05/19/2023 5:21 PM C:\My Stuff\dev\wordpress\wp-content\cache\supercache\localhost\sample-page/index.html
05/19/2023 5:21 PM C:\My Stuff\dev\wordpress\wp-content\cache\supercache\localhost\test-page/index.html
05/19/2023 5:21 PM C:\My Stuff\C#\UploadWP\UploadWP\bin\Debug/persistdata.json
05/19/2023 5:22 PM Method:: GetFilesInDirectoryRecursive 
05/19/2023 5:22 PM C:\My Stuff\C#\UploadWP\UploadWP\bin\Debug/persistdata.json
05/19/2023 5:36 PM Method:: GetFilesInDirectoryRecursive 
05/19/2023 5:36 PM C:\My Stuff\C#\UploadWP\UploadWP\bin\Debug/persistdata.json
05/19/2023 5:42 PM Method:: GetFilesInDirectoryRecursive 
05/19/2023 5:43 PM C:\My Stuff\C#\UploadWP\UploadWP\bin\Debug/persistdata.json
05/19/2023 5:45 PM Method:: GetFilesInDirectoryRecursive 
05/19/2023 5:45 PM C:\My Stuff\C#\UploadWP\UploadWP\bin\Debug/persistdata.json
05/19/2023 5:47 PM Method:: GetFilesInDirectoryRecursive 
05/19/2023 5:48 PM Method:: GetFilesInDirectoryRecursive 
05/19/2023 5:48 PM C:\My Stuff\C#\UploadWP\UploadWP\bin\Debug/persistdata.json
05/19/2023 6:03 PM Method:: GetFilesInDirectoryRecursive 
05/19/2023 6:03 PM C:\My Stuff\dev\wordpress\wp-content\cache\supercache\localhost/index.html
05/19/2023 6:03 PM C:\My Stuff\dev\wordpress\wp-content\cache\supercache\localhost\hello-world/index.html
05/19/2023 6:03 PM C:\My Stuff\dev\wordpress\wp-content\cache\supercache\localhost\sample-page/index.html
05/19/2023 6:03 PM C:\My Stuff\dev\wordpress\wp-content\cache\supercache\localhost\test-page/index.html
05/19/2023 6:03 PM C:\My Stuff\C#\UploadWP\UploadWP\bin\Debug/persistdata.json
05/19/2023 6:27 PM Method:: GetFilesInDirectoryRecursive 
05/19/2023 6:27 PM C:\My Stuff\C#\UploadWP\UploadWP\bin\Debug/persistdata.json
05/19/2023 6:57 PM Method:: GetFilesInDirectoryRecursive 
05/19/2023 6:57 PM C:\My Stuff\dev\wordpress\wp-content\cache\supercache\localhost/index.html
05/19/2023 6:57 PM C:\My Stuff\dev\wordpress\wp-content\cache\supercache\localhost\hello-world/index.html
05/19/2023 6:57 PM C:\My Stuff\dev\wordpress\wp-content\cache\supercache\localhost\sample-page/index.html
05/19/2023 6:57 PM C:\My Stuff\dev\wordpress\wp-content\cache\supercache\localhost\test-page/index.html
05/19/2023 6:57 PM C:\My Stuff\C#\UploadWP\UploadWP\bin\Debug/persistdata.json
05/19/2023 7:01 PM Method:: GetFilesInDirectoryRecursive 
05/19/2023 7:01 PM C:\My Stuff\C#\UploadWP\UploadWP\bin\Debug/persistdata.json
05/19/2023 7:03 PM Method:: GetFilesInDirectoryRecursive 
05/19/2023 7:03 PM C:\My Stuff\dev\wordpress\wp-content\cache\supercache\localhost/index.html
05/19/2023 7:03 PM C:\My Stuff\dev\wordpress\wp-content\cache\supercache\localhost\sample-page/index.html
05/19/2023 7:03 PM C:\My Stuff\C#\UploadWP\UploadWP\bin\Debug/persistdata.json
05/22/2023 2:22 PM Method:: GetFilesInDirectoryRecursive 
05/22/2023 2:22 PM C:\Users\jhemi\wordpress\wp-content\cache\supercache\localhost/index.html
05/22/2023 2:22 PM C:\Users\jhemi\wordpress\wp-content\cache\supercache\localhost\sample-page/index.html
05/22/2023 2:22 PM C:\My Stuff\C#\C#\UploadWP\UploadWP\bin\Debug/persistdata.json
05/22/2023 2:36 PM Method:: GetFilesInDirectoryRecursive 
05/22/2023 2:36 PM C:\My Stuff\C#\C#\UploadWP\UploadWP\bin\Debug/persistdata.json
05/22/2023 2:36 PM Method:: GetFilesInDirectoryRecursive 
05/22/2023 2:36 PM C:\My Stuff\C#\C#\UploadWP\UploadWP\bin\Debug/persistdata.json
05/22/2023 2:37 PM Method:: GetFilesInDirectoryRecursive 
05/22/2023 2:37 PM C:\My Stuff\C#\C#\UploadWP\UploadWP\bin\Debug/persistdata.json
05/22/2023 2:38 PM Method:: GetFilesInDirectoryRecursive 
05/22/2023 2:38 PM C:\My Stuff\C#\C#\UploadWP\UploadWP\bin\Debug/persistdata.json
05/22/2023 2:39 PM Method:: GetFilesInDirectoryRecursive 
05/22/2023 2:48 PM Method:: GetFilesInDirectoryRecursive 
05/22/2023 2:48 PM C:\My Stuff\C#\C#\UploadWP\UploadWP\bin\Debug/persistdata.json
05/22/2023 2:56 PM Method:: GetFilesInDirectoryRecursive 
05/22/2023 4:11 PM Method:: GetFilesInDirectoryRecursive 
05/22/2023 4:11 PM C:\Users\jhemi\wordpress\wp-content\cache\supercache\localhost/index.html
05/22/2023 4:11 PM C:\Users\jhemi\wordpress\wp-content\cache\supercache\localhost\sample-page/index.html
05/22/2023 4:11 PM C:\My Stuff\C#\C#\UploadWP\UploadWP\bin\Debug/persistdata.json
05/22/2023 4:19 PM Method:: GetFilesInDirectoryRecursive 
05/22/2023 4:19 PM C:\My Stuff\C#\C#\UploadWP\UploadWP\bin\Debug/persistdata.json
05/22/2023 4:21 PM Method:: GetFilesInDirectoryRecursive 
05/22/2023 4:21 PM C:\Users\jhemi\wordpress\wp-content\cache\supercache\localhost/index.html
05/22/2023 4:21 PM C:\Users\jhemi\wordpress\wp-content\cache\supercache\localhost\sample-page/index.html
05/22/2023 4:21 PM C:\My Stuff\C#\C#\UploadWP\UploadWP\bin\Debug/persistdata.json
05/22/2023 4:21 PM Method:: GetFilesInDirectoryRecursive 
05/22/2023 4:21 PM C:\My Stuff\C#\C#\UploadWP\UploadWP\bin\Debug/persistdata.json
05/22/2023 4:23 PM Method:: GetFilesInDirectoryRecursive 
05/22/2023 4:23 PM C:\Users\jhemi\wordpress\wp-content\cache\supercache\localhost\hello-world/index.html
05/22/2023 4:23 PM C:\My Stuff\C#\C#\UploadWP\UploadWP\bin\Debug/persistdata.json
05/22/2023 4:23 PM Method:: GetFilesInDirectoryRecursive 
05/22/2023 4:23 PM C:\My Stuff\C#\C#\UploadWP\UploadWP\bin\Debug/persistdata.json
05/22/2023 4:51 PM Method:: GetFilesInDirectoryRecursive 
05/22/2023 4:51 PM C:\My Stuff\C#\C#\UploadWP\UploadWP\bin\Debug/persistdata.json
05/22/2023 4:52 PM Method:: GetFilesInDirectoryRecursive 
05/22/2023 4:52 PM C:\Users\jhemi\wordpress\wp-content\cache\supercache\localhost/index.html
05/22/2023 4:52 PM C:\Users\jhemi\wordpress\wp-content\cache\supercache\localhost\sample-page/index.html
05/22/2023 4:53 PM Method:: GetFilesInDirectoryRecursive 
05/22/2023 4:53 PM C:\Users\jhemi\wordpress\wp-content\cache\supercache\localhost/index.html
05/22/2023 4:53 PM C:\Users\jhemi\wordpress\wp-content\cache\supercache\localhost\hello-world/index.html
05/22/2023 4:53 PM C:\Users\jhemi\wordpress\wp-content\cache\supercache\localhost\sample-page/index.html
05/22/2023 4:54 PM C:\My Stuff\C#\C#\UploadWP\UploadWP\bin\Debug/persistdata.json
05/22/2023 5:17 PM Method:: GetFilesInDirectoryRecursive 
05/22/2023 5:17 PM C:\My Stuff\C#\C#\UploadWP\UploadWP\bin\Debug/persistdata.json
05/22/2023 5:26 PM Method:: GetFilesInDirectoryRecursive 
05/22/2023 5:26 PM C:\Users\jhemi\wordpress\wp-content\cache\supercache\localhost/index.html
05/22/2023 5:26 PM C:\Users\jhemi\wordpress\wp-content\cache\supercache\localhost\hello-world/index.html
05/22/2023 5:27 PM C:\Users\jhemi\wordpress\wp-content\cache\supercache\localhost\sample-page/index.html
05/22/2023 5:49 PM Method:: GetFilesInDirectoryRecursive 
05/22/2023 5:49 PM C:\Users\jhemi\wordpress\wp-content\cache\supercache\localhost/index.html
05/22/2023 5:49 PM C:\Users\jhemi\wordpress\wp-content\cache\supercache\localhost\hello-world/index.html
05/22/2023 5:49 PM C:\Users\jhemi\wordpress\wp-content\cache\supercache\localhost\sample-page/index.html
05/22/2023 5:49 PM C:\My Stuff\C#\C#\UploadWP\UploadWP\bin\Debug/persistdata.json
05/22/2023 5:50 PM Method:: GetFilesInDirectoryRecursive 
05/22/2023 5:50 PM C:\My Stuff\C#\C#\UploadWP\UploadWP\bin\Debug/persistdata.json
05/22/2023 6:19 PM Method:: GetFilesInDirectoryRecursive 
05/22/2023 6:19 PM C:\My Stuff\C#\C#\UploadWP\UploadWP\bin\Debug/persistdata.json
05/22/2023 6:33 PM Method:: GetFilesInDirectoryRecursive 
05/22/2023 6:33 PM C:\Users\jhemi\wordpress\wp-content\cache\supercache\localhost/index.html
05/22/2023 6:33 PM C:\Users\jhemi\wordpress\wp-content\cache\supercache\localhost\hello-world/index.html
05/22/2023 6:33 PM C:\Users\jhemi\wordpress\wp-content\cache\supercache\localhost\sample-page/index.html
05/22/2023 6:33 PM C:\Users\jhemi\wordpress\wp-content\cache\supercache\localhost\sample-page-two/index.html
05/22/2023 6:33 PM C:\Users\jhemi\wordpress\wp-content\cache\supercache\localhost\test-post-one/index.html
05/22/2023 6:34 PM C:\My Stuff\C#\C#\UploadWP\UploadWP\bin\Debug/persistdata.json
05/22/2023 6:45 PM Method:: GetFilesInDirectoryRecursive 
05/22/2023 6:45 PM C:\Users\jhemi\wordpress\wp-content\cache\supercache\localhost/index.html
05/22/2023 6:46 PM C:\My Stuff\C#\C#\UploadWP\UploadWP\bin\Debug/persistdata.json
05/22/2023 6:50 PM Method:: GetFilesInDirectoryRecursive 
05/22/2023 6:50 PM Method:: GetFilesInDirectoryRecursive 
05/22/2023 6:51 PM C:\My Stuff\C#\C#\UploadWP\UploadWP\bin\Debug/persistdata.json
05/24/2023 2:58 PM Method:: GetFilesInDirectoryRecursive 
05/24/2023 2:58 PM C:\Users\jhemi\wordpress\wp-content\cache\supercache\localhost/index.html
05/24/2023 2:58 PM C:\Users\jhemi\wordpress\wp-content\cache\supercache\localhost\hello-world/index.html
05/24/2023 2:58 PM C:\Users\jhemi\wordpress\wp-content\cache\supercache\localhost\sample-page/index.html
05/24/2023 2:58 PM C:\Users\jhemi\wordpress\wp-content\cache\supercache\localhost\sample-page-two/index.html
05/24/2023 2:59 PM C:\My Stuff\C#\C#\UploadWP\UploadWP\bin\Debug/persistdata.json
05/24/2023 3:00 PM Method:: GetFilesInDirectoryRecursive 
05/24/2023 3:00 PM C:\My Stuff\C#\C#\UploadWP\UploadWP\bin\Debug/persistdata.json
05/24/2023 3:00 PM Method:: GetFilesInDirectoryRecursive 
05/24/2023 3:00 PM C:\Users\jhemi\wordpress\wp-content\cache\supercache\localhost/index.html
05/24/2023 3:00 PM C:\Users\jhemi\wordpress\wp-content\cache\supercache\localhost\test-may-24-1/index.html
05/24/2023 3:01 PM C:\My Stuff\C#\C#\UploadWP\UploadWP\bin\Debug/persistdata.json
05/24/2023 3:01 PM Method:: GetFilesInDirectoryRecursive 
05/24/2023 3:01 PM C:\Users\jhemi\wordpress\wp-content\cache\supercache\localhost/index.html
05/24/2023 3:01 PM C:\My Stuff\C#\C#\UploadWP\UploadWP\bin\Debug/persistdata.json
05/24/2023 3:03 PM Method:: GetFilesInDirectoryRecursive 
05/24/2023 3:03 PM C:\My Stuff\C#\C#\UploadWP\UploadWP\bin\Debug/persistdata.json
05/24/2023 5:57 PM Method:: GetFilesInDirectoryRecursive 
05/24/2023 5:57 PM C:\Users\jhemi\wordpress\wp-content\cache\supercache\localhost/index.html
05/24/2023 5:57 PM C:\Users\jhemi\wordpress\wp-content\cache\supercache\localhost\hello-world/index.html
05/24/2023 5:57 PM C:\Users\jhemi\wordpress\wp-content\cache\supercache\localhost\sample-page/index.html
05/24/2023 5:57 PM C:\Users\jhemi\wordpress\wp-content\cache\supercache\localhost\sample-page-two/index.html
05/24/2023 5:58 PM C:\My Stuff\C#\C#\UploadWP\UploadWP\bin\Debug/persistdata.json
05/24/2023 6:03 PM Method:: GetFilesInDirectoryRecursive 
05/24/2023 6:03 PM C:\My Stuff\C#\C#\UploadWP\UploadWP\bin\Debug/persistdata.json
05/24/2023 6:08 PM Method:: GetFilesInDirectoryRecursive 
05/24/2023 6:08 PM C:\My Stuff\C#\C#\UploadWP\UploadWP\bin\Debug/persistdata.json
05/24/2023 6:09 PM Method:: GetFilesInDirectoryRecursive 
05/24/2023 6:10 PM C:\My Stuff\C#\C#\UploadWP\UploadWP\bin\Debug/persistdata.json
05/24/2023 6:10 PM Method:: GetFilesInDirectoryRecursive 
05/24/2023 6:11 PM Method:: GetFilesInDirectoryRecursive 
05/24/2023 6:11 PM C:\My Stuff\C#\C#\UploadWP\UploadWP\bin\Debug/persistdata.json
05/24/2023 6:11 PM Method:: GetFilesInDirectoryRecursive 
05/24/2023 6:12 PM Method:: GetFilesInDirectoryRecursive 
05/24/2023 6:13 PM Method:: GetFilesInDirectoryRecursive 
05/24/2023 6:14 PM Method:: GetFilesInDirectoryRecursive 
05/24/2023 6:18 PM Method:: GetFilesInDirectoryRecursive 
05/24/2023 6:18 PM Method:: GetFilesInDirectoryRecursive 
05/24/2023 6:19 PM Method:: GetFilesInDirectoryRecursive 
05/24/2023 6:22 PM Method:: GetFilesInDirectoryRecursive 
05/24/2023 6:25 PM Method:: GetFilesInDirectoryRecursive 
05/24/2023 6:25 PM C:\Users\jhemi\wordpress\wp-content\cache\supercache\localhost/index.html
05/24/2023 6:25 PM C:\Users\jhemi\wordpress\wp-content\cache\supercache\localhost\remove-test/index.html
05/24/2023 6:26 PM C:\My Stuff\C#\C#\UploadWP\UploadWP\bin\Debug/persistdata.json
05/24/2023 6:27 PM Method:: GetFilesInDirectoryRecursive 
05/24/2023 6:27 PM C:\Users\jhemi\wordpress\wp-content\cache\supercache\localhost/index.html
05/24/2023 6:27 PM C:\Users\jhemi\wordpress\wp-content\cache\supercache\localhost\hello-world/index.html
05/24/2023 6:28 PM C:\Users\jhemi\wordpress\wp-content\cache\supercache\localhost\sample-page/index.html
05/24/2023 6:28 PM C:\Users\jhemi\wordpress\wp-content\cache\supercache\localhost\sample-page-two/index.html
05/24/2023 6:28 PM C:\My Stuff\C#\C#\UploadWP\UploadWP\bin\Debug/persistdata.json
05/24/2023 6:30 PM Method:: GetFilesInDirectoryRecursive 
05/24/2023 6:30 PM C:\Users\jhemi\wordpress\wp-content\cache\supercache\localhost/index.html
05/24/2023 6:30 PM C:\Users\jhemi\wordpress\wp-content\cache\supercache\localhost\fghfgfg/index.html
05/24/2023 6:32 PM Method:: GetFilesInDirectoryRecursive 
05/24/2023 6:32 PM C:\Users\jhemi\wordpress\wp-content\cache\supercache\localhost/index.html
05/24/2023 6:34 PM Method:: GetFilesInDirectoryRecursive 
05/24/2023 6:34 PM C:\Users\jhemi\wordpress\wp-content\cache\supercache\localhost/index.html
05/24/2023 6:34 PM C:\My Stuff\C#\C#\UploadWP\UploadWP\bin\Debug/persistdata.json
05/24/2023 6:37 PM Method:: GetFilesInDirectoryRecursive 
05/24/2023 6:38 PM C:\My Stuff\C#\C#\UploadWP\UploadWP\bin\Debug/persistdata.json
05/24/2023 6:38 PM Method:: GetFilesInDirectoryRecursive 
05/24/2023 6:38 PM C:\My Stuff\C#\C#\UploadWP\UploadWP\bin\Debug/persistdata.json
05/24/2023 6:41 PM Method:: GetFilesInDirectoryRecursive 
05/24/2023 6:41 PM C:\Users\jhemi\wordpress\wp-content\cache\supercache\localhost/index.html
05/24/2023 6:41 PM C:\Users\jhemi\wordpress\wp-content\cache\supercache\localhost\hello-world/index.html
05/24/2023 6:42 PM C:\Users\jhemi\wordpress\wp-content\cache\supercache\localhost\sample-page/index.html
05/24/2023 6:42 PM C:\Users\jhemi\wordpress\wp-content\cache\supercache\localhost\sample-page-two/index.html
05/24/2023 6:42 PM C:\My Stuff\C#\C#\UploadWP\UploadWP\bin\Debug/persistdata.json
05/24/2023 6:42 PM Method:: GetFilesInDirectoryRecursive 
05/24/2023 6:42 PM C:\Users\jhemi\wordpress\wp-content\cache\supercache\localhost/index.html
05/24/2023 6:48 PM Method:: GetFilesInDirectoryRecursive 
05/24/2023 6:48 PM C:\Users\jhemi\wordpress\wp-content\cache\supercache\localhost/index.html
05/24/2023 6:48 PM C:\Users\jhemi\wordpress\wp-content\cache\supercache\localhost\more-blah/index.html
05/24/2023 6:48 PM C:\My Stuff\C#\C#\UploadWP\UploadWP\bin\Debug/persistdata.json
05/24/2023 6:49 PM Method:: GetFilesInDirectoryRecursive 
05/24/2023 6:49 PM C:\Users\jhemi\wordpress\wp-content\cache\supercache\localhost/index.html
05/24/2023 6:50 PM C:\My Stuff\C#\C#\UploadWP\UploadWP\bin\Debug/persistdata.json
05/24/2023 7:08 PM Method:: GetFilesInDirectoryRecursive 
05/24/2023 7:08 PM C:\Users\jhemi\wordpress\wp-content\cache\supercache\localhost/index.html
05/24/2023 7:08 PM C:\Users\jhemi\wordpress\wp-content\cache\supercache\localhost\sample-page/index.html
05/24/2023 7:08 PM C:\Users\jhemi\wordpress\wp-content\cache\supercache\localhost\sample-page-two/index.html
05/24/2023 7:08 PM C:\Users\jhemi\wordpress\wp-content\cache\supercache\localhost\ugh/index.html
05/24/2023 7:09 PM C:\My Stuff\C#\C#\UploadWP\UploadWP\bin\Debug/persistdata.json
05/24/2023 7:10 PM Method:: GetFilesInDirectoryRecursive 
05/24/2023 7:10 PM C:\Users\jhemi\wordpress\wp-content\cache\supercache\localhost/index.html
05/24/2023 7:10 PM C:\Users\jhemi\wordpress\wp-content\cache\supercache\localhost\ugh-2/index.html
05/24/2023 7:10 PM C:\My Stuff\C#\C#\UploadWP\UploadWP\bin\Debug/persistdata.json
05/24/2023 7:14 PM Method:: GetFilesInDirectoryRecursive 
05/24/2023 7:14 PM C:\Users\jhemi\wordpress\wp-content\cache\supercache\localhost/index.html
05/24/2023 7:15 PM Method:: GetFilesInDirectoryRecursive 
05/24/2023 7:15 PM C:\Users\jhemi\wordpress\wp-content\cache\supercache\localhost/index.html
05/24/2023 7:16 PM Method:: GetFilesInDirectoryRecursive 
05/24/2023 7:16 PM C:\Users\jhemi\wordpress\wp-content\cache\supercache\localhost/index.html
05/24/2023 7:17 PM C:\My Stuff\C#\C#\UploadWP\UploadWP\bin\Debug/persistdata.json
05/24/2023 7:22 PM Method:: GetFilesInDirectoryRecursive 
05/24/2023 7:22 PM C:\My Stuff\C#\C#\UploadWP\UploadWP\bin\Debug/persistdata.json
05/24/2023 7:23 PM Method:: GetFilesInDirectoryRecursive 
05/24/2023 7:23 PM C:\Users\jhemi\wordpress\wp-content\cache\supercache\localhost/index.html
05/24/2023 7:24 PM C:\My Stuff\C#\C#\UploadWP\UploadWP\bin\Debug/persistdata.json
05/24/2023 9:15 PM Method:: GetFilesInDirectoryRecursive 
05/24/2023 9:15 PM C:\Users\jhemi\wordpress\wp-content\cache\supercache\localhost/index.html
05/24/2023 9:15 PM C:\Users\jhemi\wordpress\wp-content\cache\supercache\localhost\sample-page/index.html
05/24/2023 9:15 PM C:\Users\jhemi\wordpress\wp-content\cache\supercache\localhost\sample-page-two/index.html
05/24/2023 9:15 PM C:\My Stuff\C#\C#\UploadWP\UploadWP\bin\Debug/persistdata.json
05/24/2023 9:19 PM Method:: GetFilesInDirectoryRecursive 
05/24/2023 9:19 PM C:\My Stuff\C#\C#\UploadWP\UploadWP\bin\Debug/persistdata.json
05/24/2023 9:20 PM Method:: GetFilesInDirectoryRecursive 
05/24/2023 9:20 PM C:\Users\jhemi\wordpress\wp-content\cache\supercache\localhost/index.html
05/24/2023 9:20 PM C:\Users\jhemi\wordpress\wp-content\cache\supercache\localhost\sample-page/index.html
05/24/2023 9:20 PM C:\Users\jhemi\wordpress\wp-content\cache\supercache\localhost\sample-page-two/index.html
05/24/2023 9:20 PM C:\My Stuff\C#\C#\UploadWP\UploadWP\bin\Debug/persistdata.json
05/24/2023 9:22 PM Method:: GetFilesInDirectoryRecursive 
05/24/2023 9:22 PM C:\Users\jhemi\wordpress\wp-content\cache\supercache\localhost/index.html
05/24/2023 9:22 PM C:\Users\jhemi\wordpress\wp-content\cache\supercache\localhost\sample-page/index.html
05/24/2023 9:22 PM C:\Users\jhemi\wordpress\wp-content\cache\supercache\localhost\sample-page-two/index.html
05/24/2023 9:23 PM C:\My Stuff\C#\C#\UploadWP\UploadWP\bin\Debug/persistdata.json
05/24/2023 10:48 PM Method:: GetFilesInDirectoryRecursive 
05/24/2023 10:48 PM C:\Users\jhemi\wordpress\wp-content\cache\supercache\localhost/index.html
05/24/2023 10:48 PM C:\Users\jhemi\wordpress\wp-content\cache\supercache\localhost\sample-page/index.html
05/24/2023 10:48 PM C:\Users\jhemi\wordpress\wp-content\cache\supercache\localhost\sample-page-two/index.html
05/24/2023 10:48 PM Attempting to send an email
05/24/2023 10:48 PM Error Sending Email:
05/24/2023 10:48 PM System.ArgumentException: The parameter 'address' cannot be an empty string.
Parameter name: address
   at System.Net.Mail.MailAddress..ctor(String address, String displayName, Encoding displayNameEncoding)
   at AQHelpers.Helpers.SendEmail(String to, String subject, String message) in C:\My Stuff\C#\DLL\AQHelpers\AQHelpers\AQHelpers\Helpers.cs:line 885
05/24/2023 10:48 PM !!! ERROR: An error occured: ( see error log ) !!!
05/24/2023 10:53 PM Method:: GetFilesInDirectoryRecursive 
05/24/2023 10:53 PM C:\Users\jhemi\wordpress\wp-content\cache\supercache\localhost/index.html
05/24/2023 10:53 PM C:\Users\jhemi\wordpress\wp-content\cache\supercache\localhost\sample-page/index.html
05/24/2023 10:53 PM C:\Users\jhemi\wordpress\wp-content\cache\supercache\localhost\sample-page-two/index.html
05/24/2023 10:53 PM Attempting to send an email
05/24/2023 10:53 PM Error Sending Email:
05/24/2023 10:53 PM System.ArgumentException: The parameter 'address' cannot be an empty string.
Parameter name: address
   at System.Net.Mail.MailAddress..ctor(String address, String displayName, Encoding displayNameEncoding)
   at AQHelpers.Helpers.SendEmail(String to, String subject, String message) in C:\My Stuff\C#\DLL\AQHelpers\AQHelpers\AQHelpers\Helpers.cs:line 885
05/24/2023 10:53 PM !!! ERROR: An error occured: ( see error log ) !!!
05/24/2023 10:55 PM Method:: GetFilesInDirectoryRecursive 
05/24/2023 10:56 PM Method:: GetFilesInDirectoryRecursive 
05/24/2023 10:58 PM Method:: GetFilesInDirectoryRecursive 
05/24/2023 10:58 PM C:\Users\jhemi\wordpress\wp-content\cache\supercache\localhost/index.html
05/24/2023 10:58 PM C:\Users\jhemi\wordpress\wp-content\cache\supercache\localhost\sample-page/index.html
05/24/2023 10:58 PM C:\Users\jhemi\wordpress\wp-content\cache\supercache\localhost\sample-page-two/index.html
05/24/2023 10:59 PM C:\My Stuff\C#\C#\UploadWP\UploadWP\bin\Debug/persistdata.json
05/25/2023 9:25 PM Method:: GetFilesInDirectoryRecursive 
05/25/2023 9:25 PM Method:: GetFilesInDirectoryRecursive 
05/25/2023 9:25 PM C:\Users\jhemi\wordpress\wp-content\cache\supercache\localhost/index.html
05/25/2023 9:25 PM C:\Users\jhemi\wordpress\wp-content\cache\supercache\localhost\sample-page/index.html
05/25/2023 9:25 PM C:\Users\jhemi\wordpress\wp-content\cache\supercache\localhost\sample-page-two/index.html
05/25/2023 9:26 PM C:\My Stuff\C#\C#\UploadWP\UploadWP\bin\Debug/persistdata.json