<pre>
05/24/2023 10:48 PM
Method:: GetDirectoryFromPath
Error:: Illegal characters in path.

IP:: 172.24.192.1
IP:: 
</pre><pre>
05/24/2023 10:48 PM
Method:: Main
Error:: System.ArgumentException: Illegal characters in path.
   at System.IO.Path.CheckInvalidPathChars(String path, Boolean checkAdditional)
   at System.IO.Path.GetFileName(String path)
   at AQFiles.Files.GetFileName(String _path)
   at UploadWP.Program.Main(String[] args) in C:\My Stuff\C#\C#\UploadWP\UploadWP\Program.cs:line 196

IP:: 172.24.192.1
IP:: 
</pre><pre>
05/24/2023 10:53 PM
Method:: GetDirectoryFromPath
Error:: Illegal characters in path.

IP:: 172.24.192.1
IP:: 
</pre><pre>
05/24/2023 10:53 PM
Method:: Main
Error:: System.ArgumentException: Illegal characters in path.
   at System.IO.Path.CheckInvalidPathChars(String path, Boolean checkAdditional)
   at System.IO.Path.GetFileName(String path)
   at AQFiles.Files.GetFileName(String _path)
   at UploadWP.Program.Main(String[] args) in C:\My Stuff\C#\C#\UploadWP\UploadWP\Program.cs:line 196

IP:: 172.24.192.1
IP:: 
</pre>